<?xml version="1.0" encoding="UTF-8"?>
<!-- Generated by org.testng.reporters.JUnitReportReporter -->
<testsuite hostname="DESKTOP-JFB3BKU" failures="0" tests="4" name="runner.HealthProgramsRunner" time="45.249" errors="0" timestamp="2025-01-24T01:38:52 IST" skipped="0">
  <testcase classname="runner.HealthProgramsRunner" name="runScenario" time="9.078"/>
  <testcase classname="runner.HealthProgramsRunner" name="runScenario" time="8.436"/>
  <testcase classname="runner.HealthProgramsRunner" name="runScenario" time="16.139"/>
  <testcase classname="runner.HealthProgramsRunner" name="runScenario" time="11.596"/>
</testsuite> <!-- runner.HealthProgramsRunner -->
