<?xml version="1.0" encoding="UTF-8"?>
<!-- Generated by org.testng.reporters.JUnitReportReporter -->
<testsuite hostname="DESKTOP-JFB3BKU" failures="0" tests="1" name="runner.FormRunner" time="17.064" errors="0" timestamp="2025-01-24T01:29:20 IST" skipped="0">
  <testcase classname="runner.FormRunner" name="runScenario" time="17.064"/>
</testsuite> <!-- runner.FormRunner -->
