<?xml version="1.0" encoding="UTF-8"?>
<!-- Generated by org.testng.reporters.JUnitReportReporter -->
<testsuite hostname="DESKTOP-JFB3BKU" failures="0" tests="2" name="runner.RegistrationFeatureTestRunner" time="38.122" errors="0" timestamp="2025-01-23T18:12:39 IST" skipped="0">
  <testcase classname="runner.RegistrationFeatureTestRunner" name="runScenario" time="19.143"/>
  <testcase classname="runner.RegistrationFeatureTestRunner" name="runScenario" time="18.979"/>
</testsuite> <!-- runner.RegistrationFeatureTestRunner -->
