<?xml version="1.0" encoding="UTF-8"?>
<!-- Generated by org.testng.reporters.JUnitReportReporter -->
<testsuite hostname="DESKTOP-JFB3BKU" failures="0" tests="1" name="runner.ProfileManagementRunner" time="50.590" errors="0" timestamp="2025-01-23T23:20:18 IST" skipped="0">
  <testcase classname="runner.ProfileManagementRunner" name="runScenario" time="50.590"/>
</testsuite> <!-- runner.ProfileManagementRunner -->
