<?xml version="1.0" encoding="UTF-8"?>
<!-- Generated by org.testng.reporters.JUnitReportReporter -->
<testsuite hostname="DESKTOP-JFB3BKU" failures="0" tests="2" name="runner.LoginFeatureRunner" time="31.943" errors="0" timestamp="2025-01-24T01:39:55 IST" skipped="0">
  <testcase classname="runner.LoginFeatureRunner" name="runScenario" time="13.553"/>
  <testcase classname="runner.LoginFeatureRunner" name="runScenario" time="18.390"/>
</testsuite> <!-- runner.LoginFeatureRunner -->
